Copyright 1986-2019 Xilinx, Inc. All Rights Reserved.
-----------------------------------------------------------------------------------------------------------------------------------------------------------------------------------------------------------------------------------
| Tool Version : Vivado v.2019.2 (win64) Build 2708876 Wed Nov  6 21:40:23 MST 2019
| Date         : Sat Feb 29 23:35:37 2020
| Host         : Tony-PC running 64-bit major release  (build 9200)
| Command      : report_timing_summary -max_paths 10 -file T_ff_enable_behavior_timing_summary_routed.rpt -pb T_ff_enable_behavior_timing_summary_routed.pb -rpx T_ff_enable_behavior_timing_summary_routed.rpx -warn_on_violation
| Design       : T_ff_enable_behavior
| Device       : 7a35t-cpg236
| Speed File   : -1  PRODUCTION 1.23 2018-06-13
-----------------------------------------------------------------------------------------------------------------------------------------------------------------------------------------------------------------------------------

Timing Summary Report

------------------------------------------------------------------------------------------------
| Timer Settings
| --------------
------------------------------------------------------------------------------------------------

  Enable Multi Corner Analysis               :  Yes
  Enable Pessimism Removal                   :  Yes
  Pessimism Removal Resolution               :  Nearest Common Node
  Enable Input Delay Default Clock           :  No
  Enable Preset / Clear Arcs                 :  No
  Disable Flight Delays                      :  No
  Ignore I/O Paths                           :  No
  Timing Early Launch at Borrowing Latches   :  No
  Borrow Time for Max Delay Exceptions       :  Yes
  Merge Timing Exceptions                    :  Yes

  Corner  Analyze    Analyze    
  Name    Max Paths  Min Paths  
  ------  ---------  ---------  
  Slow    Yes        Yes        
  Fast    Yes        Yes        



check_timing report

Table of Contents
-----------------
1. checking no_clock
2. checking constant_clock
3. checking pulse_width_clock
4. checking unconstrained_internal_endpoints
5. checking no_input_delay
6. checking no_output_delay
7. checking multiple_clock
8. checking generated_clocks
9. checking loops
10. checking partial_input_delay
11. checking partial_output_delay
12. checking latch_loops

1. checking no_clock
--------------------
 There are 0 register/latch pins with no clock.


2. checking constant_clock
--------------------------
 There are 0 register/latch pins with constant_clock.


3. checking pulse_width_clock
-----------------------------
 There are 0 register/latch pins which need pulse_width check


4. checking unconstrained_internal_endpoints
--------------------------------------------
 There are 0 pins that are not constrained for maximum delay.

 There are 0 pins that are not constrained for maximum delay due to constant clock.


5. checking no_input_delay
--------------------------
 There are 2 input ports with no input delay specified. (HIGH)

 There are 0 input ports with no input delay but user has a false path constraint.


6. checking no_output_delay
---------------------------
 There is 1 port with no output delay specified. (HIGH)

 There are 0 ports with no output delay but user has a false path constraint

 There are 0 ports with no output delay but with a timing clock defined on it or propagating through it


7. checking multiple_clock
--------------------------
 There are 0 register/latch pins with multiple clocks.


8. checking generated_clocks
----------------------------
 There are 0 generated clocks that are not connected to a clock source.


9. checking loops
-----------------
 There are 0 combinational loops in the design.


10. checking partial_input_delay
--------------------------------
 There are 0 input ports with partial input delay specified.


11. checking partial_output_delay
---------------------------------
 There are 0 ports with partial output delay specified.


12. checking latch_loops
------------------------
 There are 0 combinational latch loops in the design through latch input



------------------------------------------------------------------------------------------------
| Design Timing Summary
| ---------------------
------------------------------------------------------------------------------------------------

    WNS(ns)      TNS(ns)  TNS Failing Endpoints  TNS Total Endpoints      WHS(ns)      THS(ns)  THS Failing Endpoints  THS Total Endpoints     WPWS(ns)     TPWS(ns)  TPWS Failing Endpoints  TPWS Total Endpoints  
    -------      -------  ---------------------  -------------------      -------      -------  ---------------------  -------------------     --------     --------  ----------------------  --------------------  
      8.481        0.000                      0                    1        0.531        0.000                      0                    1        4.500        0.000                       0                     2  


All user specified timing constraints are met.


------------------------------------------------------------------------------------------------
| Clock Summary
| -------------
------------------------------------------------------------------------------------------------

Clock        Waveform(ns)       Period(ns)      Frequency(MHz)
-----        ------------       ----------      --------------
sys_clk_pin  {0.000 5.000}      10.000          100.000         


------------------------------------------------------------------------------------------------
| Intra Clock Table
| -----------------
------------------------------------------------------------------------------------------------

Clock             WNS(ns)      TNS(ns)  TNS Failing Endpoints  TNS Total Endpoints      WHS(ns)      THS(ns)  THS Failing Endpoints  THS Total Endpoints     WPWS(ns)     TPWS(ns)  TPWS Failing Endpoints  TPWS Total Endpoints  
-----             -------      -------  ---------------------  -------------------      -------      -------  ---------------------  -------------------     --------     --------  ----------------------  --------------------  
sys_clk_pin         8.481        0.000                      0                    1        0.531        0.000                      0                    1        4.500        0.000                       0                     2  


------------------------------------------------------------------------------------------------
| Inter Clock Table
| -----------------
------------------------------------------------------------------------------------------------

From Clock    To Clock          WNS(ns)      TNS(ns)  TNS Failing Endpoints  TNS Total Endpoints      WHS(ns)      THS(ns)  THS Failing Endpoints  THS Total Endpoints  
----------    --------          -------      -------  ---------------------  -------------------      -------      -------  ---------------------  -------------------  


------------------------------------------------------------------------------------------------
| Other Path Groups Table
| -----------------------
------------------------------------------------------------------------------------------------

Path Group    From Clock    To Clock          WNS(ns)      TNS(ns)  TNS Failing Endpoints  TNS Total Endpoints      WHS(ns)      THS(ns)  THS Failing Endpoints  THS Total Endpoints  
----------    ----------    --------          -------      -------  ---------------------  -------------------      -------      -------  ---------------------  -------------------  


------------------------------------------------------------------------------------------------
| Timing Details
| --------------
------------------------------------------------------------------------------------------------


---------------------------------------------------------------------------------------------------
From Clock:  sys_clk_pin
  To Clock:  sys_clk_pin

Setup :            0  Failing Endpoints,  Worst Slack        8.481ns,  Total Violation        0.000ns
Hold  :            0  Failing Endpoints,  Worst Slack        0.531ns,  Total Violation        0.000ns
PW    :            0  Failing Endpoints,  Worst Slack        4.500ns,  Total Violation        0.000ns
---------------------------------------------------------------------------------------------------


Max Delay Paths
--------------------------------------------------------------------------------------
Slack (MET) :             8.481ns  (required time - arrival time)
  Source:                 Q_reg/C
                            (falling edge-triggered cell FDRE clocked by sys_clk_pin  {rise@0.000ns fall@5.000ns period=10.000ns})
  Destination:            Q_reg/D
                            (falling edge-triggered cell FDRE clocked by sys_clk_pin  {rise@0.000ns fall@5.000ns period=10.000ns})
  Path Group:             sys_clk_pin
  Path Type:              Setup (Max at Slow Process Corner)
  Requirement:            10.000ns  (sys_clk_pin fall@15.000ns - sys_clk_pin fall@5.000ns)
  Data Path Delay:        1.516ns  (logic 0.583ns (38.455%)  route 0.933ns (61.545%))
  Logic Levels:           1  (LUT3=1)
  Clock Path Skew:        0.000ns (DCD - SCD + CPR)
    Destination Clock Delay (DCD):    4.659ns = ( 19.659 - 15.000 ) 
    Source Clock Delay      (SCD):    5.104ns = ( 10.104 - 5.000 ) 
    Clock Pessimism Removal (CPR):    0.445ns
  Clock Uncertainty:      0.035ns  ((TSJ^2 + TIJ^2)^1/2 + DJ) / 2 + PE
    Total System Jitter     (TSJ):    0.071ns
    Total Input Jitter      (TIJ):    0.000ns
    Discrete Jitter          (DJ):    0.000ns
    Phase Error              (PE):    0.000ns

    Location             Delay type                Incr(ns)  Path(ns)    Netlist Resource(s)
  -------------------------------------------------------------------    -------------------
                         (clock sys_clk_pin fall edge)
                                                      5.000     5.000 f  
    R2                                                0.000     5.000 f  Clk (IN)
                         net (fo=0)                   0.000     5.000    Clk
    R2                   IBUF (Prop_ibuf_I_O)         1.456     6.456 f  Clk_IBUF_inst/O
                         net (fo=1, routed)           1.914     8.370    Clk_IBUF
    BUFGCTRL_X0Y0        BUFG (Prop_bufg_I_O)         0.096     8.466 f  Clk_IBUF_BUFG_inst/O
                         net (fo=1, routed)           1.638    10.104    Clk_IBUF_BUFG
    SLICE_X0Y3           FDRE                                         r  Q_reg/C  (IS_INVERTED)
  -------------------------------------------------------------------    -------------------
    SLICE_X0Y3           FDRE (Prop_fdre_C_Q)         0.459    10.563 r  Q_reg/Q
                         net (fo=2, routed)           0.933    11.496    Q_OBUF
    SLICE_X0Y3           LUT3 (Prop_lut3_I1_O)        0.124    11.620 r  Q_i_1/O
                         net (fo=1, routed)           0.000    11.620    Q_i_1_n_0
    SLICE_X0Y3           FDRE                                         r  Q_reg/D
  -------------------------------------------------------------------    -------------------

                         (clock sys_clk_pin fall edge)
                                                     15.000    15.000 f  
    R2                                                0.000    15.000 f  Clk (IN)
                         net (fo=0)                   0.000    15.000    Clk
    R2                   IBUF (Prop_ibuf_I_O)         1.386    16.386 f  Clk_IBUF_inst/O
                         net (fo=1, routed)           1.663    18.048    Clk_IBUF
    BUFGCTRL_X0Y0        BUFG (Prop_bufg_I_O)         0.091    18.139 f  Clk_IBUF_BUFG_inst/O
                         net (fo=1, routed)           1.519    19.659    Clk_IBUF_BUFG
    SLICE_X0Y3           FDRE                                         r  Q_reg/C  (IS_INVERTED)
                         clock pessimism              0.445    20.104    
                         clock uncertainty           -0.035    20.069    
    SLICE_X0Y3           FDRE (Setup_fdre_C_D)        0.032    20.101    Q_reg
  -------------------------------------------------------------------
                         required time                         20.101    
                         arrival time                         -11.620    
  -------------------------------------------------------------------
                         slack                                  8.481    





Min Delay Paths
--------------------------------------------------------------------------------------
Slack (MET) :             0.531ns  (arrival time - required time)
  Source:                 Q_reg/C
                            (falling edge-triggered cell FDRE clocked by sys_clk_pin  {rise@0.000ns fall@5.000ns period=10.000ns})
  Destination:            Q_reg/D
                            (falling edge-triggered cell FDRE clocked by sys_clk_pin  {rise@0.000ns fall@5.000ns period=10.000ns})
  Path Group:             sys_clk_pin
  Path Type:              Hold (Min at Fast Process Corner)
  Requirement:            0.000ns  (sys_clk_pin fall@5.000ns - sys_clk_pin fall@5.000ns)
  Data Path Delay:        0.629ns  (logic 0.191ns (30.362%)  route 0.438ns (69.638%))
  Logic Levels:           1  (LUT3=1)
  Clock Path Skew:        0.000ns (DCD - SCD - CPR)
    Destination Clock Delay (DCD):    2.218ns = ( 7.218 - 5.000 ) 
    Source Clock Delay      (SCD):    1.638ns = ( 6.638 - 5.000 ) 
    Clock Pessimism Removal (CPR):    0.580ns

    Location             Delay type                Incr(ns)  Path(ns)    Netlist Resource(s)
  -------------------------------------------------------------------    -------------------
                         (clock sys_clk_pin fall edge)
                                                      5.000     5.000 f  
    R2                                                0.000     5.000 f  Clk (IN)
                         net (fo=0)                   0.000     5.000    Clk
    R2                   IBUF (Prop_ibuf_I_O)         0.224     5.224 f  Clk_IBUF_inst/O
                         net (fo=1, routed)           0.794     6.018    Clk_IBUF
    BUFGCTRL_X0Y0        BUFG (Prop_bufg_I_O)         0.026     6.044 f  Clk_IBUF_BUFG_inst/O
                         net (fo=1, routed)           0.595     6.638    Clk_IBUF_BUFG
    SLICE_X0Y3           FDRE                                         r  Q_reg/C  (IS_INVERTED)
  -------------------------------------------------------------------    -------------------
    SLICE_X0Y3           FDRE (Prop_fdre_C_Q)         0.146     6.784 r  Q_reg/Q
                         net (fo=2, routed)           0.438     7.223    Q_OBUF
    SLICE_X0Y3           LUT3 (Prop_lut3_I1_O)        0.045     7.268 r  Q_i_1/O
                         net (fo=1, routed)           0.000     7.268    Q_i_1_n_0
    SLICE_X0Y3           FDRE                                         r  Q_reg/D
  -------------------------------------------------------------------    -------------------

                         (clock sys_clk_pin fall edge)
                                                      5.000     5.000 f  
    R2                                                0.000     5.000 f  Clk (IN)
                         net (fo=0)                   0.000     5.000    Clk
    R2                   IBUF (Prop_ibuf_I_O)         0.412     5.412 f  Clk_IBUF_inst/O
                         net (fo=1, routed)           0.912     6.323    Clk_IBUF
    BUFGCTRL_X0Y0        BUFG (Prop_bufg_I_O)         0.029     6.352 f  Clk_IBUF_BUFG_inst/O
                         net (fo=1, routed)           0.866     7.218    Clk_IBUF_BUFG
    SLICE_X0Y3           FDRE                                         r  Q_reg/C  (IS_INVERTED)
                         clock pessimism             -0.580     6.638    
    SLICE_X0Y3           FDRE (Hold_fdre_C_D)         0.098     6.736    Q_reg
  -------------------------------------------------------------------
                         required time                         -6.736    
                         arrival time                           7.268    
  -------------------------------------------------------------------
                         slack                                  0.531    





Pulse Width Checks
--------------------------------------------------------------------------------------
Clock Name:         sys_clk_pin
Waveform(ns):       { 0.000 5.000 }
Period(ns):         10.000
Sources:            { Clk }

Check Type        Corner  Lib Pin  Reference Pin  Required(ns)  Actual(ns)  Slack(ns)  Location       Pin
Min Period        n/a     BUFG/I   n/a            2.155         10.000      7.845      BUFGCTRL_X0Y0  Clk_IBUF_BUFG_inst/I
Min Period        n/a     FDRE/C   n/a            1.000         10.000      9.000      SLICE_X0Y3     Q_reg/C
Low Pulse Width   Slow    FDRE/C   n/a            0.500         5.000       4.500      SLICE_X0Y3     Q_reg/C
Low Pulse Width   Fast    FDRE/C   n/a            0.500         5.000       4.500      SLICE_X0Y3     Q_reg/C
High Pulse Width  Fast    FDRE/C   n/a            0.500         5.000       4.500      SLICE_X0Y3     Q_reg/C
High Pulse Width  Slow    FDRE/C   n/a            0.500         5.000       4.500      SLICE_X0Y3     Q_reg/C



