#-----------------------------------------------------------
# Vivado v2019.2 (64-bit)
# SW Build 2708876 on Wed Nov  6 21:40:23 MST 2019
# IP Build 2700528 on Thu Nov  7 00:09:20 MST 2019
# Start of session at: Sat Feb 29 20:23:18 2020
# Process ID: 23332
# Current directory: C:/Users/Tony/Desktop/lab5_1_2
# Command line: vivado.exe -gui_launcher_event rodinguilauncherevent12908 C:\Users\Tony\Desktop\lab5_1_2\lab5_1_2.xpr
# Log file: C:/Users/Tony/Desktop/lab5_1_2/vivado.log
# Journal file: C:/Users/Tony/Desktop/lab5_1_2\vivado.jou
#-----------------------------------------------------------
start_gui
open_project C:/Users/Tony/Desktop/lab5_1_2/lab5_1_2.xpr
Scanning sources...
Finished scanning sources
INFO: [IP_Flow 19-234] Refreshing IP repositories
INFO: [IP_Flow 19-1704] No user IP repositories specified
INFO: [IP_Flow 19-2313] Loaded Vivado IP repository 'A:/Xilinx/Vivado/2019.2/data/ip'.
update_compile_order -fileset sources_1
reset_run synth_1
launch_runs synth_1 -jobs 4
[Sat Feb 29 20:24:23 2020] Launched synth_1...
Run output will be captured here: C:/Users/Tony/Desktop/lab5_1_2/lab5_1_2.runs/synth_1/runme.log
launch_runs impl_1 -jobs 4
[Sat Feb 29 20:25:01 2020] Launched impl_1...
Run output will be captured here: C:/Users/Tony/Desktop/lab5_1_2/lab5_1_2.runs/impl_1/runme.log
launch_runs impl_1 -to_step write_bitstream -jobs 4
[Sat Feb 29 20:25:50 2020] Launched impl_1...
Run output will be captured here: C:/Users/Tony/Desktop/lab5_1_2/lab5_1_2.runs/impl_1/runme.log
open_hw_manager
exit
INFO: [Common 17-206] Exiting Vivado at Sat Feb 29 20:26:39 2020...
