#-----------------------------------------------------------
# Vivado v2019.2 (64-bit)
# SW Build 2708876 on Wed Nov  6 21:40:23 MST 2019
# IP Build 2700528 on Thu Nov  7 00:09:20 MST 2019
# Start of session at: Sat Mar 28 20:19:33 2020
# Process ID: 28168
# Current directory: C:/Users/Tony/Desktop/EE 260 Lab/lab5_2_5
# Command line: vivado.exe -gui_launcher_event rodinguilauncherevent2044 C:\Users\Tony\Desktop\EE 260 Lab\lab5_2_5\lab5_2_5.xpr
# Log file: C:/Users/Tony/Desktop/EE 260 Lab/lab5_2_5/vivado.log
# Journal file: C:/Users/Tony/Desktop/EE 260 Lab/lab5_2_5\vivado.jou
#-----------------------------------------------------------
start_gui
open_project {C:/Users/Tony/Desktop/EE 260 Lab/lab5_2_5/lab5_2_5.xpr}
INFO: [Project 1-313] Project file moved from 'C:/Users/Tony/Desktop/lab5_2_5' since last save.
Scanning sources...
Finished scanning sources
INFO: [IP_Flow 19-234] Refreshing IP repositories
INFO: [IP_Flow 19-1704] No user IP repositories specified
INFO: [IP_Flow 19-2313] Loaded Vivado IP repository 'A:/Xilinx/Vivado/2019.2/data/ip'.
update_compile_order -fileset sources_1
exit
INFO: [Common 17-206] Exiting Vivado at Sat Mar 28 20:21:16 2020...
