#-----------------------------------------------------------
# Vivado v2019.2 (64-bit)
# SW Build 2708876 on Wed Nov  6 21:40:23 MST 2019
# IP Build 2700528 on Thu Nov  7 00:09:20 MST 2019
# Start of session at: Sun Apr 12 10:45:13 2020
# Process ID: 13344
# Current directory: C:/Users/Tony/Desktop/lab9_1_1
# Command line: vivado.exe -gui_launcher_event rodinguilauncherevent2980 C:\Users\Tony\Desktop\lab9_1_1\lab9_1_1.xpr
# Log file: C:/Users/Tony/Desktop/lab9_1_1/vivado.log
# Journal file: C:/Users/Tony/Desktop/lab9_1_1\vivado.jou
#-----------------------------------------------------------
start_gui
open_project C:/Users/Tony/Desktop/lab9_1_1/lab9_1_1.xpr
Scanning sources...
Finished scanning sources
INFO: [IP_Flow 19-234] Refreshing IP repositories
INFO: [IP_Flow 19-1704] No user IP repositories specified
INFO: [IP_Flow 19-2313] Loaded Vivado IP repository 'A:/Xilinx/Vivado/2019.2/data/ip'.
close_project
exit
INFO: [Common 17-206] Exiting Vivado at Sun Apr 12 10:46:30 2020...
