#-----------------------------------------------------------
# Vivado v2019.2 (64-bit)
# SW Build 2708876 on Wed Nov  6 21:40:23 MST 2019
# IP Build 2700528 on Thu Nov  7 00:09:20 MST 2019
# Start of session at: Tue Apr 21 16:51:43 2020
# Process ID: 10108
# Current directory: C:/Users/Tony/Desktop/EE 260 Lab/lab8_1_2
# Command line: vivado.exe -gui_launcher_event rodinguilauncherevent8524 C:\Users\Tony\Desktop\EE 260 Lab\lab8_1_2\lab8_1_2.xpr
# Log file: C:/Users/Tony/Desktop/EE 260 Lab/lab8_1_2/vivado.log
# Journal file: C:/Users/Tony/Desktop/EE 260 Lab/lab8_1_2\vivado.jou
#-----------------------------------------------------------
start_gui
open_project {C:/Users/Tony/Desktop/EE 260 Lab/lab8_1_2/lab8_1_2.xpr}
INFO: [Project 1-313] Project file moved from 'C:/Users/Tony/Desktop/lab8_1_2' since last save.
Scanning sources...
Finished scanning sources
INFO: [IP_Flow 19-234] Refreshing IP repositories
INFO: [IP_Flow 19-1704] No user IP repositories specified
INFO: [IP_Flow 19-2313] Loaded Vivado IP repository 'A:/Xilinx/Vivado/2019.2/data/ip'.
open_project: Time (s): cpu = 00:00:12 ; elapsed = 00:00:14 . Memory (MB): peak = 741.164 ; gain = 139.637
update_compile_order -fileset sources_1
exit
INFO: [Common 17-206] Exiting Vivado at Tue Apr 21 16:57:15 2020...
