Copyright 1986-2019 Xilinx, Inc. All Rights Reserved.
--------------------------------------------------------------------------------------------------------------------------------------------------------------------------------------------------------------------------------
| Tool Version : Vivado v.2019.2 (win64) Build 2708876 Wed Nov  6 21:40:23 MST 2019
| Date         : Sun Mar  8 10:14:48 2020
| Host         : Tony-PC running 64-bit major release  (build 9200)
| Command      : report_timing_summary -max_paths 10 -file mealy_state_machine_timing_summary_routed.rpt -pb mealy_state_machine_timing_summary_routed.pb -rpx mealy_state_machine_timing_summary_routed.rpx -warn_on_violation
| Design       : mealy_state_machine
| Device       : 7a35t-cpg236
| Speed File   : -1  PRODUCTION 1.23 2018-06-13
--------------------------------------------------------------------------------------------------------------------------------------------------------------------------------------------------------------------------------

Timing Summary Report

------------------------------------------------------------------------------------------------
| Timer Settings
| --------------
------------------------------------------------------------------------------------------------

  Enable Multi Corner Analysis               :  Yes
  Enable Pessimism Removal                   :  Yes
  Pessimism Removal Resolution               :  Nearest Common Node
  Enable Input Delay Default Clock           :  No
  Enable Preset / Clear Arcs                 :  No
  Disable Flight Delays                      :  No
  Ignore I/O Paths                           :  No
  Timing Early Launch at Borrowing Latches   :  No
  Borrow Time for Max Delay Exceptions       :  Yes
  Merge Timing Exceptions                    :  Yes

  Corner  Analyze    Analyze    
  Name    Max Paths  Min Paths  
  ------  ---------  ---------  
  Slow    Yes        Yes        
  Fast    Yes        Yes        



check_timing report

Table of Contents
-----------------
1. checking no_clock
2. checking constant_clock
3. checking pulse_width_clock
4. checking unconstrained_internal_endpoints
5. checking no_input_delay
6. checking no_output_delay
7. checking multiple_clock
8. checking generated_clocks
9. checking loops
10. checking partial_input_delay
11. checking partial_output_delay
12. checking latch_loops

1. checking no_clock
--------------------
 There are 2 register/latch pins with no clock driven by root clock pin: state_reg[0]/Q (HIGH)

 There are 2 register/latch pins with no clock driven by root clock pin: state_reg[1]/Q (HIGH)


2. checking constant_clock
--------------------------
 There are 0 register/latch pins with constant_clock.


3. checking pulse_width_clock
-----------------------------
 There are 0 register/latch pins which need pulse_width check


4. checking unconstrained_internal_endpoints
--------------------------------------------
 There are 4 pins that are not constrained for maximum delay. (HIGH)

 There are 0 pins that are not constrained for maximum delay due to constant clock.


5. checking no_input_delay
--------------------------
 There are 2 input ports with no input delay specified. (HIGH)

 There are 0 input ports with no input delay but user has a false path constraint.


6. checking no_output_delay
---------------------------
 There are 5 ports with no output delay specified. (HIGH)

 There are 0 ports with no output delay but user has a false path constraint

 There are 0 ports with no output delay but with a timing clock defined on it or propagating through it


7. checking multiple_clock
--------------------------
 There are 0 register/latch pins with multiple clocks.


8. checking generated_clocks
----------------------------
 There are 0 generated clocks that are not connected to a clock source.


9. checking loops
-----------------
 There are 0 combinational loops in the design.


10. checking partial_input_delay
--------------------------------
 There are 0 input ports with partial input delay specified.


11. checking partial_output_delay
---------------------------------
 There are 0 ports with partial output delay specified.


12. checking latch_loops
------------------------
 There are 0 combinational latch loops in the design through latch input



------------------------------------------------------------------------------------------------
| Design Timing Summary
| ---------------------
------------------------------------------------------------------------------------------------

    WNS(ns)      TNS(ns)  TNS Failing Endpoints  TNS Total Endpoints      WHS(ns)      THS(ns)  THS Failing Endpoints  THS Total Endpoints     WPWS(ns)     TPWS(ns)  TPWS Failing Endpoints  TPWS Total Endpoints  
    -------      -------  ---------------------  -------------------      -------      -------  ---------------------  -------------------     --------     --------  ----------------------  --------------------  
      7.764        0.000                      0                    4        0.306        0.000                      0                    4        4.500        0.000                       0                     7  


All user specified timing constraints are met.


------------------------------------------------------------------------------------------------
| Clock Summary
| -------------
------------------------------------------------------------------------------------------------

Clock        Waveform(ns)       Period(ns)      Frequency(MHz)
-----        ------------       ----------      --------------
sys_clk_pin  {0.000 5.000}      10.000          100.000         


------------------------------------------------------------------------------------------------
| Intra Clock Table
| -----------------
------------------------------------------------------------------------------------------------

Clock             WNS(ns)      TNS(ns)  TNS Failing Endpoints  TNS Total Endpoints      WHS(ns)      THS(ns)  THS Failing Endpoints  THS Total Endpoints     WPWS(ns)     TPWS(ns)  TPWS Failing Endpoints  TPWS Total Endpoints  
-----             -------      -------  ---------------------  -------------------      -------      -------  ---------------------  -------------------     --------     --------  ----------------------  --------------------  
sys_clk_pin         7.764        0.000                      0                    4        0.306        0.000                      0                    4        4.500        0.000                       0                     7  


------------------------------------------------------------------------------------------------
| Inter Clock Table
| -----------------
------------------------------------------------------------------------------------------------

From Clock    To Clock          WNS(ns)      TNS(ns)  TNS Failing Endpoints  TNS Total Endpoints      WHS(ns)      THS(ns)  THS Failing Endpoints  THS Total Endpoints  
----------    --------          -------      -------  ---------------------  -------------------      -------      -------  ---------------------  -------------------  


------------------------------------------------------------------------------------------------
| Other Path Groups Table
| -----------------------
------------------------------------------------------------------------------------------------

Path Group    From Clock    To Clock          WNS(ns)      TNS(ns)  TNS Failing Endpoints  TNS Total Endpoints      WHS(ns)      THS(ns)  THS Failing Endpoints  THS Total Endpoints  
----------    ----------    --------          -------      -------  ---------------------  -------------------      -------      -------  ---------------------  -------------------  


------------------------------------------------------------------------------------------------
| Timing Details
| --------------
------------------------------------------------------------------------------------------------


---------------------------------------------------------------------------------------------------
From Clock:  sys_clk_pin
  To Clock:  sys_clk_pin

Setup :            0  Failing Endpoints,  Worst Slack        7.764ns,  Total Violation        0.000ns
Hold  :            0  Failing Endpoints,  Worst Slack        0.306ns,  Total Violation        0.000ns
PW    :            0  Failing Endpoints,  Worst Slack        4.500ns,  Total Violation        0.000ns
---------------------------------------------------------------------------------------------------


Max Delay Paths
--------------------------------------------------------------------------------------
Slack (MET) :             7.764ns  (required time - arrival time)
  Source:                 count_reg[0]/C
                            (rising edge-triggered cell FDCE clocked by sys_clk_pin  {rise@0.000ns fall@5.000ns period=10.000ns})
  Destination:            count_reg[0]/D
                            (rising edge-triggered cell FDCE clocked by sys_clk_pin  {rise@0.000ns fall@5.000ns period=10.000ns})
  Path Group:             sys_clk_pin
  Path Type:              Setup (Max at Slow Process Corner)
  Requirement:            10.000ns  (sys_clk_pin rise@10.000ns - sys_clk_pin rise@0.000ns)
  Data Path Delay:        2.230ns  (logic 0.580ns (26.015%)  route 1.650ns (73.985%))
  Logic Levels:           1  (LUT2=1)
  Clock Path Skew:        0.000ns (DCD - SCD + CPR)
    Destination Clock Delay (DCD):    4.659ns = ( 14.659 - 10.000 ) 
    Source Clock Delay      (SCD):    5.104ns
    Clock Pessimism Removal (CPR):    0.445ns
  Clock Uncertainty:      0.035ns  ((TSJ^2 + TIJ^2)^1/2 + DJ) / 2 + PE
    Total System Jitter     (TSJ):    0.071ns
    Total Input Jitter      (TIJ):    0.000ns
    Discrete Jitter          (DJ):    0.000ns
    Phase Error              (PE):    0.000ns

    Location             Delay type                Incr(ns)  Path(ns)    Netlist Resource(s)
  -------------------------------------------------------------------    -------------------
                         (clock sys_clk_pin rise edge)
                                                      0.000     0.000 r  
    R2                                                0.000     0.000 r  clk (IN)
                         net (fo=0)                   0.000     0.000    clk
    R2                   IBUF (Prop_ibuf_I_O)         1.456     1.456 r  clk_IBUF_inst/O
                         net (fo=1, routed)           1.914     3.370    clk_IBUF
    BUFGCTRL_X0Y0        BUFG (Prop_bufg_I_O)         0.096     3.466 r  clk_IBUF_BUFG_inst/O
                         net (fo=6, routed)           1.638     5.104    clk_IBUF_BUFG
    SLICE_X0Y5           FDCE                                         r  count_reg[0]/C
  -------------------------------------------------------------------    -------------------
    SLICE_X0Y5           FDCE (Prop_fdce_C_Q)         0.456     5.560 r  count_reg[0]/Q
                         net (fo=6, routed)           1.650     7.210    count_OBUF[0]
    SLICE_X0Y5           LUT2 (Prop_lut2_I0_O)        0.124     7.334 r  count[0]_i_1/O
                         net (fo=1, routed)           0.000     7.334    p_0_in[0]
    SLICE_X0Y5           FDCE                                         r  count_reg[0]/D
  -------------------------------------------------------------------    -------------------

                         (clock sys_clk_pin rise edge)
                                                     10.000    10.000 r  
    R2                                                0.000    10.000 r  clk (IN)
                         net (fo=0)                   0.000    10.000    clk
    R2                   IBUF (Prop_ibuf_I_O)         1.386    11.386 r  clk_IBUF_inst/O
                         net (fo=1, routed)           1.663    13.048    clk_IBUF
    BUFGCTRL_X0Y0        BUFG (Prop_bufg_I_O)         0.091    13.139 r  clk_IBUF_BUFG_inst/O
                         net (fo=6, routed)           1.519    14.659    clk_IBUF_BUFG
    SLICE_X0Y5           FDCE                                         r  count_reg[0]/C
                         clock pessimism              0.445    15.104    
                         clock uncertainty           -0.035    15.069    
    SLICE_X0Y5           FDCE (Setup_fdce_C_D)        0.029    15.098    count_reg[0]
  -------------------------------------------------------------------
                         required time                         15.098    
                         arrival time                          -7.334    
  -------------------------------------------------------------------
                         slack                                  7.764    

Slack (MET) :             7.784ns  (required time - arrival time)
  Source:                 count_reg[0]/C
                            (rising edge-triggered cell FDCE clocked by sys_clk_pin  {rise@0.000ns fall@5.000ns period=10.000ns})
  Destination:            count_reg[1]/D
                            (rising edge-triggered cell FDCE clocked by sys_clk_pin  {rise@0.000ns fall@5.000ns period=10.000ns})
  Path Group:             sys_clk_pin
  Path Type:              Setup (Max at Slow Process Corner)
  Requirement:            10.000ns  (sys_clk_pin rise@10.000ns - sys_clk_pin rise@0.000ns)
  Data Path Delay:        2.256ns  (logic 0.606ns (26.867%)  route 1.650ns (73.133%))
  Logic Levels:           1  (LUT3=1)
  Clock Path Skew:        0.000ns (DCD - SCD + CPR)
    Destination Clock Delay (DCD):    4.659ns = ( 14.659 - 10.000 ) 
    Source Clock Delay      (SCD):    5.104ns
    Clock Pessimism Removal (CPR):    0.445ns
  Clock Uncertainty:      0.035ns  ((TSJ^2 + TIJ^2)^1/2 + DJ) / 2 + PE
    Total System Jitter     (TSJ):    0.071ns
    Total Input Jitter      (TIJ):    0.000ns
    Discrete Jitter          (DJ):    0.000ns
    Phase Error              (PE):    0.000ns

    Location             Delay type                Incr(ns)  Path(ns)    Netlist Resource(s)
  -------------------------------------------------------------------    -------------------
                         (clock sys_clk_pin rise edge)
                                                      0.000     0.000 r  
    R2                                                0.000     0.000 r  clk (IN)
                         net (fo=0)                   0.000     0.000    clk
    R2                   IBUF (Prop_ibuf_I_O)         1.456     1.456 r  clk_IBUF_inst/O
                         net (fo=1, routed)           1.914     3.370    clk_IBUF
    BUFGCTRL_X0Y0        BUFG (Prop_bufg_I_O)         0.096     3.466 r  clk_IBUF_BUFG_inst/O
                         net (fo=6, routed)           1.638     5.104    clk_IBUF_BUFG
    SLICE_X0Y5           FDCE                                         r  count_reg[0]/C
  -------------------------------------------------------------------    -------------------
    SLICE_X0Y5           FDCE (Prop_fdce_C_Q)         0.456     5.560 r  count_reg[0]/Q
                         net (fo=6, routed)           1.650     7.210    count_OBUF[0]
    SLICE_X0Y5           LUT3 (Prop_lut3_I1_O)        0.150     7.360 r  count[1]_i_1/O
                         net (fo=1, routed)           0.000     7.360    p_0_in[1]
    SLICE_X0Y5           FDCE                                         r  count_reg[1]/D
  -------------------------------------------------------------------    -------------------

                         (clock sys_clk_pin rise edge)
                                                     10.000    10.000 r  
    R2                                                0.000    10.000 r  clk (IN)
                         net (fo=0)                   0.000    10.000    clk
    R2                   IBUF (Prop_ibuf_I_O)         1.386    11.386 r  clk_IBUF_inst/O
                         net (fo=1, routed)           1.663    13.048    clk_IBUF
    BUFGCTRL_X0Y0        BUFG (Prop_bufg_I_O)         0.091    13.139 r  clk_IBUF_BUFG_inst/O
                         net (fo=6, routed)           1.519    14.659    clk_IBUF_BUFG
    SLICE_X0Y5           FDCE                                         r  count_reg[1]/C
                         clock pessimism              0.445    15.104    
                         clock uncertainty           -0.035    15.069    
    SLICE_X0Y5           FDCE (Setup_fdce_C_D)        0.075    15.144    count_reg[1]
  -------------------------------------------------------------------
                         required time                         15.144    
                         arrival time                          -7.360    
  -------------------------------------------------------------------
                         slack                                  7.784    

Slack (MET) :             8.587ns  (required time - arrival time)
  Source:                 count_reg[3]/C
                            (rising edge-triggered cell FDCE clocked by sys_clk_pin  {rise@0.000ns fall@5.000ns period=10.000ns})
  Destination:            count_reg[3]/D
                            (rising edge-triggered cell FDCE clocked by sys_clk_pin  {rise@0.000ns fall@5.000ns period=10.000ns})
  Path Group:             sys_clk_pin
  Path Type:              Setup (Max at Slow Process Corner)
  Requirement:            10.000ns  (sys_clk_pin rise@10.000ns - sys_clk_pin rise@0.000ns)
  Data Path Delay:        1.453ns  (logic 0.743ns (51.143%)  route 0.710ns (48.857%))
  Logic Levels:           1  (LUT5=1)
  Clock Path Skew:        0.000ns (DCD - SCD + CPR)
    Destination Clock Delay (DCD):    4.659ns = ( 14.659 - 10.000 ) 
    Source Clock Delay      (SCD):    5.104ns
    Clock Pessimism Removal (CPR):    0.445ns
  Clock Uncertainty:      0.035ns  ((TSJ^2 + TIJ^2)^1/2 + DJ) / 2 + PE
    Total System Jitter     (TSJ):    0.071ns
    Total Input Jitter      (TIJ):    0.000ns
    Discrete Jitter          (DJ):    0.000ns
    Phase Error              (PE):    0.000ns

    Location             Delay type                Incr(ns)  Path(ns)    Netlist Resource(s)
  -------------------------------------------------------------------    -------------------
                         (clock sys_clk_pin rise edge)
                                                      0.000     0.000 r  
    R2                                                0.000     0.000 r  clk (IN)
                         net (fo=0)                   0.000     0.000    clk
    R2                   IBUF (Prop_ibuf_I_O)         1.456     1.456 r  clk_IBUF_inst/O
                         net (fo=1, routed)           1.914     3.370    clk_IBUF
    BUFGCTRL_X0Y0        BUFG (Prop_bufg_I_O)         0.096     3.466 r  clk_IBUF_BUFG_inst/O
                         net (fo=6, routed)           1.638     5.104    clk_IBUF_BUFG
    SLICE_X0Y5           FDCE                                         r  count_reg[3]/C
  -------------------------------------------------------------------    -------------------
    SLICE_X0Y5           FDCE (Prop_fdce_C_Q)         0.419     5.523 r  count_reg[3]/Q
                         net (fo=3, routed)           0.710     6.233    count_OBUF[3]
    SLICE_X0Y5           LUT5 (Prop_lut5_I4_O)        0.324     6.557 r  count[3]_i_1/O
                         net (fo=1, routed)           0.000     6.557    p_0_in[3]
    SLICE_X0Y5           FDCE                                         r  count_reg[3]/D
  -------------------------------------------------------------------    -------------------

                         (clock sys_clk_pin rise edge)
                                                     10.000    10.000 r  
    R2                                                0.000    10.000 r  clk (IN)
                         net (fo=0)                   0.000    10.000    clk
    R2                   IBUF (Prop_ibuf_I_O)         1.386    11.386 r  clk_IBUF_inst/O
                         net (fo=1, routed)           1.663    13.048    clk_IBUF
    BUFGCTRL_X0Y0        BUFG (Prop_bufg_I_O)         0.091    13.139 r  clk_IBUF_BUFG_inst/O
                         net (fo=6, routed)           1.519    14.659    clk_IBUF_BUFG
    SLICE_X0Y5           FDCE                                         r  count_reg[3]/C
                         clock pessimism              0.445    15.104    
                         clock uncertainty           -0.035    15.069    
    SLICE_X0Y5           FDCE (Setup_fdce_C_D)        0.075    15.144    count_reg[3]
  -------------------------------------------------------------------
                         required time                         15.144    
                         arrival time                          -6.557    
  -------------------------------------------------------------------
                         slack                                  8.587    

Slack (MET) :             8.728ns  (required time - arrival time)
  Source:                 count_reg[2]/C
                            (rising edge-triggered cell FDCE clocked by sys_clk_pin  {rise@0.000ns fall@5.000ns period=10.000ns})
  Destination:            count_reg[2]/D
                            (rising edge-triggered cell FDCE clocked by sys_clk_pin  {rise@0.000ns fall@5.000ns period=10.000ns})
  Path Group:             sys_clk_pin
  Path Type:              Setup (Max at Slow Process Corner)
  Requirement:            10.000ns  (sys_clk_pin rise@10.000ns - sys_clk_pin rise@0.000ns)
  Data Path Delay:        1.267ns  (logic 0.580ns (45.771%)  route 0.687ns (54.229%))
  Logic Levels:           1  (LUT4=1)
  Clock Path Skew:        0.000ns (DCD - SCD + CPR)
    Destination Clock Delay (DCD):    4.659ns = ( 14.659 - 10.000 ) 
    Source Clock Delay      (SCD):    5.104ns
    Clock Pessimism Removal (CPR):    0.445ns
  Clock Uncertainty:      0.035ns  ((TSJ^2 + TIJ^2)^1/2 + DJ) / 2 + PE
    Total System Jitter     (TSJ):    0.071ns
    Total Input Jitter      (TIJ):    0.000ns
    Discrete Jitter          (DJ):    0.000ns
    Phase Error              (PE):    0.000ns

    Location             Delay type                Incr(ns)  Path(ns)    Netlist Resource(s)
  -------------------------------------------------------------------    -------------------
                         (clock sys_clk_pin rise edge)
                                                      0.000     0.000 r  
    R2                                                0.000     0.000 r  clk (IN)
                         net (fo=0)                   0.000     0.000    clk
    R2                   IBUF (Prop_ibuf_I_O)         1.456     1.456 r  clk_IBUF_inst/O
                         net (fo=1, routed)           1.914     3.370    clk_IBUF
    BUFGCTRL_X0Y0        BUFG (Prop_bufg_I_O)         0.096     3.466 r  clk_IBUF_BUFG_inst/O
                         net (fo=6, routed)           1.638     5.104    clk_IBUF_BUFG
    SLICE_X0Y5           FDCE                                         r  count_reg[2]/C
  -------------------------------------------------------------------    -------------------
    SLICE_X0Y5           FDCE (Prop_fdce_C_Q)         0.456     5.560 r  count_reg[2]/Q
                         net (fo=4, routed)           0.687     6.247    count_OBUF[2]
    SLICE_X0Y5           LUT4 (Prop_lut4_I3_O)        0.124     6.371 r  count[2]_i_1/O
                         net (fo=1, routed)           0.000     6.371    p_0_in[2]
    SLICE_X0Y5           FDCE                                         r  count_reg[2]/D
  -------------------------------------------------------------------    -------------------

                         (clock sys_clk_pin rise edge)
                                                     10.000    10.000 r  
    R2                                                0.000    10.000 r  clk (IN)
                         net (fo=0)                   0.000    10.000    clk
    R2                   IBUF (Prop_ibuf_I_O)         1.386    11.386 r  clk_IBUF_inst/O
                         net (fo=1, routed)           1.663    13.048    clk_IBUF
    BUFGCTRL_X0Y0        BUFG (Prop_bufg_I_O)         0.091    13.139 r  clk_IBUF_BUFG_inst/O
                         net (fo=6, routed)           1.519    14.659    clk_IBUF_BUFG
    SLICE_X0Y5           FDCE                                         r  count_reg[2]/C
                         clock pessimism              0.445    15.104    
                         clock uncertainty           -0.035    15.069    
    SLICE_X0Y5           FDCE (Setup_fdce_C_D)        0.031    15.100    count_reg[2]
  -------------------------------------------------------------------
                         required time                         15.100    
                         arrival time                          -6.371    
  -------------------------------------------------------------------
                         slack                                  8.728    





Min Delay Paths
--------------------------------------------------------------------------------------
Slack (MET) :             0.306ns  (arrival time - required time)
  Source:                 count_reg[0]/C
                            (rising edge-triggered cell FDCE clocked by sys_clk_pin  {rise@0.000ns fall@5.000ns period=10.000ns})
  Destination:            count_reg[3]/D
                            (rising edge-triggered cell FDCE clocked by sys_clk_pin  {rise@0.000ns fall@5.000ns period=10.000ns})
  Path Group:             sys_clk_pin
  Path Type:              Hold (Min at Fast Process Corner)
  Requirement:            0.000ns  (sys_clk_pin rise@0.000ns - sys_clk_pin rise@0.000ns)
  Data Path Delay:        0.413ns  (logic 0.186ns (45.003%)  route 0.227ns (54.997%))
  Logic Levels:           1  (LUT5=1)
  Clock Path Skew:        0.000ns (DCD - SCD - CPR)
    Destination Clock Delay (DCD):    2.218ns
    Source Clock Delay      (SCD):    1.638ns
    Clock Pessimism Removal (CPR):    0.580ns

    Location             Delay type                Incr(ns)  Path(ns)    Netlist Resource(s)
  -------------------------------------------------------------------    -------------------
                         (clock sys_clk_pin rise edge)
                                                      0.000     0.000 r  
    R2                                                0.000     0.000 r  clk (IN)
                         net (fo=0)                   0.000     0.000    clk
    R2                   IBUF (Prop_ibuf_I_O)         0.224     0.224 r  clk_IBUF_inst/O
                         net (fo=1, routed)           0.794     1.018    clk_IBUF
    BUFGCTRL_X0Y0        BUFG (Prop_bufg_I_O)         0.026     1.044 r  clk_IBUF_BUFG_inst/O
                         net (fo=6, routed)           0.595     1.638    clk_IBUF_BUFG
    SLICE_X0Y5           FDCE                                         r  count_reg[0]/C
  -------------------------------------------------------------------    -------------------
    SLICE_X0Y5           FDCE (Prop_fdce_C_Q)         0.141     1.779 r  count_reg[0]/Q
                         net (fo=6, routed)           0.227     2.007    count_OBUF[0]
    SLICE_X0Y5           LUT5 (Prop_lut5_I3_O)        0.045     2.052 r  count[3]_i_1/O
                         net (fo=1, routed)           0.000     2.052    p_0_in[3]
    SLICE_X0Y5           FDCE                                         r  count_reg[3]/D
  -------------------------------------------------------------------    -------------------

                         (clock sys_clk_pin rise edge)
                                                      0.000     0.000 r  
    R2                                                0.000     0.000 r  clk (IN)
                         net (fo=0)                   0.000     0.000    clk
    R2                   IBUF (Prop_ibuf_I_O)         0.412     0.412 r  clk_IBUF_inst/O
                         net (fo=1, routed)           0.912     1.323    clk_IBUF
    BUFGCTRL_X0Y0        BUFG (Prop_bufg_I_O)         0.029     1.352 r  clk_IBUF_BUFG_inst/O
                         net (fo=6, routed)           0.866     2.218    clk_IBUF_BUFG
    SLICE_X0Y5           FDCE                                         r  count_reg[3]/C
                         clock pessimism             -0.580     1.638    
    SLICE_X0Y5           FDCE (Hold_fdce_C_D)         0.107     1.745    count_reg[3]
  -------------------------------------------------------------------
                         required time                         -1.745    
                         arrival time                           2.052    
  -------------------------------------------------------------------
                         slack                                  0.306    

Slack (MET) :             0.321ns  (arrival time - required time)
  Source:                 count_reg[0]/C
                            (rising edge-triggered cell FDCE clocked by sys_clk_pin  {rise@0.000ns fall@5.000ns period=10.000ns})
  Destination:            count_reg[2]/D
                            (rising edge-triggered cell FDCE clocked by sys_clk_pin  {rise@0.000ns fall@5.000ns period=10.000ns})
  Path Group:             sys_clk_pin
  Path Type:              Hold (Min at Fast Process Corner)
  Requirement:            0.000ns  (sys_clk_pin rise@0.000ns - sys_clk_pin rise@0.000ns)
  Data Path Delay:        0.413ns  (logic 0.186ns (45.003%)  route 0.227ns (54.997%))
  Logic Levels:           1  (LUT4=1)
  Clock Path Skew:        0.000ns (DCD - SCD - CPR)
    Destination Clock Delay (DCD):    2.218ns
    Source Clock Delay      (SCD):    1.638ns
    Clock Pessimism Removal (CPR):    0.580ns

    Location             Delay type                Incr(ns)  Path(ns)    Netlist Resource(s)
  -------------------------------------------------------------------    -------------------
                         (clock sys_clk_pin rise edge)
                                                      0.000     0.000 r  
    R2                                                0.000     0.000 r  clk (IN)
                         net (fo=0)                   0.000     0.000    clk
    R2                   IBUF (Prop_ibuf_I_O)         0.224     0.224 r  clk_IBUF_inst/O
                         net (fo=1, routed)           0.794     1.018    clk_IBUF
    BUFGCTRL_X0Y0        BUFG (Prop_bufg_I_O)         0.026     1.044 r  clk_IBUF_BUFG_inst/O
                         net (fo=6, routed)           0.595     1.638    clk_IBUF_BUFG
    SLICE_X0Y5           FDCE                                         r  count_reg[0]/C
  -------------------------------------------------------------------    -------------------
    SLICE_X0Y5           FDCE (Prop_fdce_C_Q)         0.141     1.779 r  count_reg[0]/Q
                         net (fo=6, routed)           0.227     2.007    count_OBUF[0]
    SLICE_X0Y5           LUT4 (Prop_lut4_I2_O)        0.045     2.052 r  count[2]_i_1/O
                         net (fo=1, routed)           0.000     2.052    p_0_in[2]
    SLICE_X0Y5           FDCE                                         r  count_reg[2]/D
  -------------------------------------------------------------------    -------------------

                         (clock sys_clk_pin rise edge)
                                                      0.000     0.000 r  
    R2                                                0.000     0.000 r  clk (IN)
                         net (fo=0)                   0.000     0.000    clk
    R2                   IBUF (Prop_ibuf_I_O)         0.412     0.412 r  clk_IBUF_inst/O
                         net (fo=1, routed)           0.912     1.323    clk_IBUF
    BUFGCTRL_X0Y0        BUFG (Prop_bufg_I_O)         0.029     1.352 r  clk_IBUF_BUFG_inst/O
                         net (fo=6, routed)           0.866     2.218    clk_IBUF_BUFG
    SLICE_X0Y5           FDCE                                         r  count_reg[2]/C
                         clock pessimism             -0.580     1.638    
    SLICE_X0Y5           FDCE (Hold_fdce_C_D)         0.092     1.730    count_reg[2]
  -------------------------------------------------------------------
                         required time                         -1.730    
                         arrival time                           2.052    
  -------------------------------------------------------------------
                         slack                                  0.321    

Slack (MET) :             0.429ns  (arrival time - required time)
  Source:                 count_reg[1]/C
                            (rising edge-triggered cell FDCE clocked by sys_clk_pin  {rise@0.000ns fall@5.000ns period=10.000ns})
  Destination:            count_reg[1]/D
                            (rising edge-triggered cell FDCE clocked by sys_clk_pin  {rise@0.000ns fall@5.000ns period=10.000ns})
  Path Group:             sys_clk_pin
  Path Type:              Hold (Min at Fast Process Corner)
  Requirement:            0.000ns  (sys_clk_pin rise@0.000ns - sys_clk_pin rise@0.000ns)
  Data Path Delay:        0.536ns  (logic 0.226ns (42.176%)  route 0.310ns (57.824%))
  Logic Levels:           1  (LUT3=1)
  Clock Path Skew:        0.000ns (DCD - SCD - CPR)
    Destination Clock Delay (DCD):    2.218ns
    Source Clock Delay      (SCD):    1.638ns
    Clock Pessimism Removal (CPR):    0.580ns

    Location             Delay type                Incr(ns)  Path(ns)    Netlist Resource(s)
  -------------------------------------------------------------------    -------------------
                         (clock sys_clk_pin rise edge)
                                                      0.000     0.000 r  
    R2                                                0.000     0.000 r  clk (IN)
                         net (fo=0)                   0.000     0.000    clk
    R2                   IBUF (Prop_ibuf_I_O)         0.224     0.224 r  clk_IBUF_inst/O
                         net (fo=1, routed)           0.794     1.018    clk_IBUF
    BUFGCTRL_X0Y0        BUFG (Prop_bufg_I_O)         0.026     1.044 r  clk_IBUF_BUFG_inst/O
                         net (fo=6, routed)           0.595     1.638    clk_IBUF_BUFG
    SLICE_X0Y5           FDCE                                         r  count_reg[1]/C
  -------------------------------------------------------------------    -------------------
    SLICE_X0Y5           FDCE (Prop_fdce_C_Q)         0.128     1.766 r  count_reg[1]/Q
                         net (fo=5, routed)           0.310     2.076    count_OBUF[1]
    SLICE_X0Y5           LUT3 (Prop_lut3_I2_O)        0.098     2.174 r  count[1]_i_1/O
                         net (fo=1, routed)           0.000     2.174    p_0_in[1]
    SLICE_X0Y5           FDCE                                         r  count_reg[1]/D
  -------------------------------------------------------------------    -------------------

                         (clock sys_clk_pin rise edge)
                                                      0.000     0.000 r  
    R2                                                0.000     0.000 r  clk (IN)
                         net (fo=0)                   0.000     0.000    clk
    R2                   IBUF (Prop_ibuf_I_O)         0.412     0.412 r  clk_IBUF_inst/O
                         net (fo=1, routed)           0.912     1.323    clk_IBUF
    BUFGCTRL_X0Y0        BUFG (Prop_bufg_I_O)         0.029     1.352 r  clk_IBUF_BUFG_inst/O
                         net (fo=6, routed)           0.866     2.218    clk_IBUF_BUFG
    SLICE_X0Y5           FDCE                                         r  count_reg[1]/C
                         clock pessimism             -0.580     1.638    
    SLICE_X0Y5           FDCE (Hold_fdce_C_D)         0.107     1.745    count_reg[1]
  -------------------------------------------------------------------
                         required time                         -1.745    
                         arrival time                           2.174    
  -------------------------------------------------------------------
                         slack                                  0.429    

Slack (MET) :             0.764ns  (arrival time - required time)
  Source:                 count_reg[0]/C
                            (rising edge-triggered cell FDCE clocked by sys_clk_pin  {rise@0.000ns fall@5.000ns period=10.000ns})
  Destination:            count_reg[0]/D
                            (rising edge-triggered cell FDCE clocked by sys_clk_pin  {rise@0.000ns fall@5.000ns period=10.000ns})
  Path Group:             sys_clk_pin
  Path Type:              Hold (Min at Fast Process Corner)
  Requirement:            0.000ns  (sys_clk_pin rise@0.000ns - sys_clk_pin rise@0.000ns)
  Data Path Delay:        0.855ns  (logic 0.186ns (21.767%)  route 0.669ns (78.233%))
  Logic Levels:           1  (LUT2=1)
  Clock Path Skew:        0.000ns (DCD - SCD - CPR)
    Destination Clock Delay (DCD):    2.218ns
    Source Clock Delay      (SCD):    1.638ns
    Clock Pessimism Removal (CPR):    0.580ns

    Location             Delay type                Incr(ns)  Path(ns)    Netlist Resource(s)
  -------------------------------------------------------------------    -------------------
                         (clock sys_clk_pin rise edge)
                                                      0.000     0.000 r  
    R2                                                0.000     0.000 r  clk (IN)
                         net (fo=0)                   0.000     0.000    clk
    R2                   IBUF (Prop_ibuf_I_O)         0.224     0.224 r  clk_IBUF_inst/O
                         net (fo=1, routed)           0.794     1.018    clk_IBUF
    BUFGCTRL_X0Y0        BUFG (Prop_bufg_I_O)         0.026     1.044 r  clk_IBUF_BUFG_inst/O
                         net (fo=6, routed)           0.595     1.638    clk_IBUF_BUFG
    SLICE_X0Y5           FDCE                                         r  count_reg[0]/C
  -------------------------------------------------------------------    -------------------
    SLICE_X0Y5           FDCE (Prop_fdce_C_Q)         0.141     1.779 r  count_reg[0]/Q
                         net (fo=6, routed)           0.669     2.448    count_OBUF[0]
    SLICE_X0Y5           LUT2 (Prop_lut2_I0_O)        0.045     2.493 r  count[0]_i_1/O
                         net (fo=1, routed)           0.000     2.493    p_0_in[0]
    SLICE_X0Y5           FDCE                                         r  count_reg[0]/D
  -------------------------------------------------------------------    -------------------

                         (clock sys_clk_pin rise edge)
                                                      0.000     0.000 r  
    R2                                                0.000     0.000 r  clk (IN)
                         net (fo=0)                   0.000     0.000    clk
    R2                   IBUF (Prop_ibuf_I_O)         0.412     0.412 r  clk_IBUF_inst/O
                         net (fo=1, routed)           0.912     1.323    clk_IBUF
    BUFGCTRL_X0Y0        BUFG (Prop_bufg_I_O)         0.029     1.352 r  clk_IBUF_BUFG_inst/O
                         net (fo=6, routed)           0.866     2.218    clk_IBUF_BUFG
    SLICE_X0Y5           FDCE                                         r  count_reg[0]/C
                         clock pessimism             -0.580     1.638    
    SLICE_X0Y5           FDCE (Hold_fdce_C_D)         0.091     1.729    count_reg[0]
  -------------------------------------------------------------------
                         required time                         -1.729    
                         arrival time                           2.493    
  -------------------------------------------------------------------
                         slack                                  0.764    





Pulse Width Checks
--------------------------------------------------------------------------------------
Clock Name:         sys_clk_pin
Waveform(ns):       { 0.000 5.000 }
Period(ns):         10.000
Sources:            { clk }

Check Type        Corner  Lib Pin  Reference Pin  Required(ns)  Actual(ns)  Slack(ns)  Location       Pin
Min Period        n/a     BUFG/I   n/a            2.155         10.000      7.845      BUFGCTRL_X0Y0  clk_IBUF_BUFG_inst/I
Min Period        n/a     FDCE/C   n/a            1.000         10.000      9.000      SLICE_X0Y5     count_reg[0]/C
Min Period        n/a     FDCE/C   n/a            1.000         10.000      9.000      SLICE_X0Y5     count_reg[1]/C
Min Period        n/a     FDCE/C   n/a            1.000         10.000      9.000      SLICE_X0Y5     count_reg[2]/C
Min Period        n/a     FDCE/C   n/a            1.000         10.000      9.000      SLICE_X0Y5     count_reg[3]/C
Min Period        n/a     FDCE/C   n/a            1.000         10.000      9.000      SLICE_X1Y5     state_reg[0]/C
Min Period        n/a     FDCE/C   n/a            1.000         10.000      9.000      SLICE_X1Y5     state_reg[1]/C
Low Pulse Width   Fast    FDCE/C   n/a            0.500         5.000       4.500      SLICE_X0Y5     count_reg[0]/C
Low Pulse Width   Fast    FDCE/C   n/a            0.500         5.000       4.500      SLICE_X0Y5     count_reg[1]/C
Low Pulse Width   Fast    FDCE/C   n/a            0.500         5.000       4.500      SLICE_X0Y5     count_reg[2]/C
Low Pulse Width   Fast    FDCE/C   n/a            0.500         5.000       4.500      SLICE_X0Y5     count_reg[3]/C
Low Pulse Width   Fast    FDCE/C   n/a            0.500         5.000       4.500      SLICE_X1Y5     state_reg[0]/C
Low Pulse Width   Fast    FDCE/C   n/a            0.500         5.000       4.500      SLICE_X1Y5     state_reg[1]/C
Low Pulse Width   Slow    FDCE/C   n/a            0.500         5.000       4.500      SLICE_X0Y5     count_reg[0]/C
Low Pulse Width   Slow    FDCE/C   n/a            0.500         5.000       4.500      SLICE_X0Y5     count_reg[1]/C
Low Pulse Width   Slow    FDCE/C   n/a            0.500         5.000       4.500      SLICE_X0Y5     count_reg[2]/C
Low Pulse Width   Slow    FDCE/C   n/a            0.500         5.000       4.500      SLICE_X0Y5     count_reg[3]/C
High Pulse Width  Slow    FDCE/C   n/a            0.500         5.000       4.500      SLICE_X0Y5     count_reg[0]/C
High Pulse Width  Slow    FDCE/C   n/a            0.500         5.000       4.500      SLICE_X0Y5     count_reg[1]/C
High Pulse Width  Slow    FDCE/C   n/a            0.500         5.000       4.500      SLICE_X0Y5     count_reg[2]/C
High Pulse Width  Slow    FDCE/C   n/a            0.500         5.000       4.500      SLICE_X0Y5     count_reg[3]/C
High Pulse Width  Slow    FDCE/C   n/a            0.500         5.000       4.500      SLICE_X1Y5     state_reg[0]/C
High Pulse Width  Slow    FDCE/C   n/a            0.500         5.000       4.500      SLICE_X1Y5     state_reg[1]/C
High Pulse Width  Fast    FDCE/C   n/a            0.500         5.000       4.500      SLICE_X0Y5     count_reg[0]/C
High Pulse Width  Fast    FDCE/C   n/a            0.500         5.000       4.500      SLICE_X0Y5     count_reg[1]/C
High Pulse Width  Fast    FDCE/C   n/a            0.500         5.000       4.500      SLICE_X0Y5     count_reg[2]/C
High Pulse Width  Fast    FDCE/C   n/a            0.500         5.000       4.500      SLICE_X0Y5     count_reg[3]/C



