#-----------------------------------------------------------
# Vivado v2019.2 (64-bit)
# SW Build 2708876 on Wed Nov  6 21:40:23 MST 2019
# IP Build 2700528 on Thu Nov  7 00:09:20 MST 2019
# Start of session at: Tue Apr 14 16:32:54 2020
# Process ID: 21108
# Current directory: C:/Users/Tony/Desktop/EE 260 Lab/lab7_2_1
# Command line: vivado.exe -gui_launcher_event rodinguilauncherevent4920 C:\Users\Tony\Desktop\EE 260 Lab\lab7_2_1\lab7_2_1.xpr
# Log file: C:/Users/Tony/Desktop/EE 260 Lab/lab7_2_1/vivado.log
# Journal file: C:/Users/Tony/Desktop/EE 260 Lab/lab7_2_1\vivado.jou
#-----------------------------------------------------------
start_gui
open_project {C:/Users/Tony/Desktop/EE 260 Lab/lab7_2_1/lab7_2_1.xpr}
Scanning sources...
Finished scanning sources
INFO: [IP_Flow 19-234] Refreshing IP repositories
INFO: [IP_Flow 19-1704] No user IP repositories specified
INFO: [IP_Flow 19-2313] Loaded Vivado IP repository 'A:/Xilinx/Vivado/2019.2/data/ip'.
open_project: Time (s): cpu = 00:00:10 ; elapsed = 00:00:12 . Memory (MB): peak = 762.055 ; gain = 156.773
update_compile_order -fileset sources_1
exit
INFO: [Common 17-206] Exiting Vivado at Tue Apr 14 16:56:20 2020...
