#-----------------------------------------------------------
# Vivado v2019.2 (64-bit)
# SW Build 2708876 on Wed Nov  6 21:40:23 MST 2019
# IP Build 2700528 on Thu Nov  7 00:09:20 MST 2019
# Start of session at: Sat Feb 29 22:47:37 2020
# Process ID: 23896
# Current directory: C:/Users/Tony/Desktop/lab5_2_3
# Command line: vivado.exe -gui_launcher_event rodinguilauncherevent7420 C:\Users\Tony\Desktop\lab5_2_3\lab5_2_3.xpr
# Log file: C:/Users/Tony/Desktop/lab5_2_3/vivado.log
# Journal file: C:/Users/Tony/Desktop/lab5_2_3\vivado.jou
#-----------------------------------------------------------
start_gui
open_project C:/Users/Tony/Desktop/lab5_2_3/lab5_2_3.xpr
Scanning sources...
Finished scanning sources
INFO: [IP_Flow 19-234] Refreshing IP repositories
INFO: [IP_Flow 19-1704] No user IP repositories specified
INFO: [IP_Flow 19-2313] Loaded Vivado IP repository 'A:/Xilinx/Vivado/2019.2/data/ip'.
update_compile_order -fileset sources_1
exit
INFO: [Common 17-206] Exiting Vivado at Sat Feb 29 22:48:02 2020...
