
*** Running vivado
    with args -log lab10_2_1.vds -m64 -product Vivado -mode batch -messageDb vivado.pb -notrace -source lab10_2_1.tcl


****** Vivado v2019.2 (64-bit)
  **** SW Build 2708876 on Wed Nov  6 21:40:23 MST 2019
  **** IP Build 2700528 on Thu Nov  7 00:09:20 MST 2019
    ** Copyright 1986-2019 Xilinx, Inc. All Rights Reserved.

source lab10_2_1.tcl -notrace
Command: synth_design -top lab10_2_1 -part xc7a35tcpg236-1
Starting synth_design
Attempting to get a license for feature 'Synthesis' and/or device 'xc7a35t'
INFO: [Common 17-349] Got license for feature 'Synthesis' and/or device 'xc7a35t'
INFO: [Device 21-403] Loading part xc7a35tcpg236-1
INFO: Launching helper process for spawning children vivado processes
INFO: Helper process launched with PID 10556 
---------------------------------------------------------------------------------
Starting RTL Elaboration : Time (s): cpu = 00:00:04 ; elapsed = 00:00:04 . Memory (MB): peak = 846.406 ; gain = 234.262
---------------------------------------------------------------------------------
INFO: [Synth 8-6157] synthesizing module 'lab10_2_1' [C:/Users/Tony/Desktop/EE 260 Lab/lab10_2_1/lab10_2_1.srcs/sources_1/imports/new/lab2_2_1.v:23]
INFO: [Synth 8-6157] synthesizing module 'clk_5Mhz' [C:/Users/Tony/Desktop/EE 260 Lab/lab10_2_1/lab10_2_1.runs/synth_1/.Xil/Vivado-7024-Tony-PC/realtime/clk_5Mhz_stub.v:5]
INFO: [Synth 8-6155] done synthesizing module 'clk_5Mhz' (1#1) [C:/Users/Tony/Desktop/EE 260 Lab/lab10_2_1/lab10_2_1.runs/synth_1/.Xil/Vivado-7024-Tony-PC/realtime/clk_5Mhz_stub.v:5]
INFO: [Synth 8-6157] synthesizing module 'pulse_generator' [C:/Users/Tony/Desktop/EE 260 Lab/lab10_2_1/lab10_2_1.srcs/sources_1/imports/new/pulse_generator.v:24]
INFO: [Synth 8-6155] done synthesizing module 'pulse_generator' (2#1) [C:/Users/Tony/Desktop/EE 260 Lab/lab10_2_1/lab10_2_1.srcs/sources_1/imports/new/pulse_generator.v:24]
INFO: [Synth 8-6157] synthesizing module 'four_by_four_bit_multiplier' [C:/Users/Tony/Desktop/EE 260 Lab/lab10_2_1/lab10_2_1.srcs/sources_1/imports/new/three_by_three_bit_multiplier.v:23]
INFO: [Synth 8-6155] done synthesizing module 'four_by_four_bit_multiplier' (3#1) [C:/Users/Tony/Desktop/EE 260 Lab/lab10_2_1/lab10_2_1.srcs/sources_1/imports/new/three_by_three_bit_multiplier.v:23]
INFO: [Synth 8-6157] synthesizing module 'bin2bcd' [C:/Users/Tony/Desktop/EE 260 Lab/lab10_2_1/lab10_2_1.srcs/sources_1/new/bin2bcd.v:23]
INFO: [Synth 8-6155] done synthesizing module 'bin2bcd' (4#1) [C:/Users/Tony/Desktop/EE 260 Lab/lab10_2_1/lab10_2_1.srcs/sources_1/new/bin2bcd.v:23]
INFO: [Synth 8-6157] synthesizing module 'bcdto7segment_dataflow' [C:/Users/Tony/Desktop/EE 260 Lab/lab10_2_1/lab10_2_1.srcs/sources_1/imports/new/bcdto7segment_dataflow.v:23]
INFO: [Synth 8-6155] done synthesizing module 'bcdto7segment_dataflow' (5#1) [C:/Users/Tony/Desktop/EE 260 Lab/lab10_2_1/lab10_2_1.srcs/sources_1/imports/new/bcdto7segment_dataflow.v:23]
INFO: [Synth 8-6155] done synthesizing module 'lab10_2_1' (6#1) [C:/Users/Tony/Desktop/EE 260 Lab/lab10_2_1/lab10_2_1.srcs/sources_1/imports/new/lab2_2_1.v:23]
---------------------------------------------------------------------------------
Finished RTL Elaboration : Time (s): cpu = 00:00:05 ; elapsed = 00:00:05 . Memory (MB): peak = 919.543 ; gain = 307.398
---------------------------------------------------------------------------------

Report Check Netlist: 
+------+------------------+-------+---------+-------+------------------+
|      |Item              |Errors |Warnings |Status |Description       |
+------+------------------+-------+---------+-------+------------------+
|1     |multi_driven_nets |      0|        0|Passed |Multi driven nets |
+------+------------------+-------+---------+-------+------------------+
---------------------------------------------------------------------------------
Start Handling Custom Attributes
---------------------------------------------------------------------------------
---------------------------------------------------------------------------------
Finished Handling Custom Attributes : Time (s): cpu = 00:00:05 ; elapsed = 00:00:05 . Memory (MB): peak = 919.543 ; gain = 307.398
---------------------------------------------------------------------------------
---------------------------------------------------------------------------------
Finished RTL Optimization Phase 1 : Time (s): cpu = 00:00:05 ; elapsed = 00:00:05 . Memory (MB): peak = 919.543 ; gain = 307.398
---------------------------------------------------------------------------------
Netlist sorting complete. Time (s): cpu = 00:00:00 ; elapsed = 00:00:00.005 . Memory (MB): peak = 919.543 ; gain = 0.000
INFO: [Project 1-570] Preparing netlist for logic optimization

Processing XDC Constraints
Initializing timing engine
Parsing XDC File [c:/Users/Tony/Desktop/EE 260 Lab/lab10_2_1/lab10_2_1.srcs/sources_1/ip/clk_5Mhz/clk_5Mhz/clk_5Mhz_in_context.xdc] for cell 'CLK'
Finished Parsing XDC File [c:/Users/Tony/Desktop/EE 260 Lab/lab10_2_1/lab10_2_1.srcs/sources_1/ip/clk_5Mhz/clk_5Mhz/clk_5Mhz_in_context.xdc] for cell 'CLK'
Parsing XDC File [C:/Users/Tony/Desktop/EE 260 Lab/lab10_2_1/lab10_2_1.srcs/constrs_1/imports/lab1_4_2/Basys3_Master.xdc]
Finished Parsing XDC File [C:/Users/Tony/Desktop/EE 260 Lab/lab10_2_1/lab10_2_1.srcs/constrs_1/imports/lab1_4_2/Basys3_Master.xdc]
INFO: [Project 1-236] Implementation specific constraints were found while reading constraint file [C:/Users/Tony/Desktop/EE 260 Lab/lab10_2_1/lab10_2_1.srcs/constrs_1/imports/lab1_4_2/Basys3_Master.xdc]. These constraints will be ignored for synthesis but will be used in implementation. Impacted constraints are listed in the file [.Xil/lab10_2_1_propImpl.xdc].
Resolution: To avoid this warning, move constraints listed in [.Xil/lab10_2_1_propImpl.xdc] to another XDC file and exclude this new file from synthesis with the used_in_synthesis property (File Properties dialog in GUI) and re-run elaboration/synthesis.
Completed Processing XDC Constraints

Netlist sorting complete. Time (s): cpu = 00:00:00 ; elapsed = 00:00:00 . Memory (MB): peak = 1039.785 ; gain = 0.000
INFO: [Project 1-111] Unisim Transformation Summary:
No Unisim elements were transformed.

Constraint Validation Runtime : Time (s): cpu = 00:00:00 ; elapsed = 00:00:00.003 . Memory (MB): peak = 1039.785 ; gain = 0.000
---------------------------------------------------------------------------------
Finished Constraint Validation : Time (s): cpu = 00:00:11 ; elapsed = 00:00:11 . Memory (MB): peak = 1039.785 ; gain = 427.641
---------------------------------------------------------------------------------
---------------------------------------------------------------------------------
Start Loading Part and Timing Information
---------------------------------------------------------------------------------
Loading part: xc7a35tcpg236-1
---------------------------------------------------------------------------------
Finished Loading Part and Timing Information : Time (s): cpu = 00:00:11 ; elapsed = 00:00:11 . Memory (MB): peak = 1039.785 ; gain = 427.641
---------------------------------------------------------------------------------
---------------------------------------------------------------------------------
Start Applying 'set_property' XDC Constraints
---------------------------------------------------------------------------------
Applied set_property IO_BUFFER_TYPE = NONE for clk. (constraint file  {c:/Users/Tony/Desktop/EE 260 Lab/lab10_2_1/lab10_2_1.srcs/sources_1/ip/clk_5Mhz/clk_5Mhz/clk_5Mhz_in_context.xdc}, line 3).
Applied set_property CLOCK_BUFFER_TYPE = NONE for clk. (constraint file  {c:/Users/Tony/Desktop/EE 260 Lab/lab10_2_1/lab10_2_1.srcs/sources_1/ip/clk_5Mhz/clk_5Mhz/clk_5Mhz_in_context.xdc}, line 4).
Applied set_property DONT_TOUCH = true for CLK. (constraint file  auto generated constraint, line ).
---------------------------------------------------------------------------------
Finished applying 'set_property' XDC Constraints : Time (s): cpu = 00:00:11 ; elapsed = 00:00:11 . Memory (MB): peak = 1039.785 ; gain = 427.641
---------------------------------------------------------------------------------
INFO: [Synth 8-802] inferred FSM for state register 'i_reg' in module 'lab10_2_1'
---------------------------------------------------------------------------------------------------
                   State |                     New Encoding |                Previous Encoding 
---------------------------------------------------------------------------------------------------
                 iSTATE0 |                              001 | 00000000000000000000000000000000
                 iSTATE1 |                              010 | 00000000000000000000000000000001
                  iSTATE |                              100 | 00000000000000000000000000000010
*
---------------------------------------------------------------------------------------------------
INFO: [Synth 8-3354] encoded FSM with state register 'i_reg' using encoding 'one-hot' in module 'lab10_2_1'
---------------------------------------------------------------------------------
Finished RTL Optimization Phase 2 : Time (s): cpu = 00:00:11 ; elapsed = 00:00:12 . Memory (MB): peak = 1039.785 ; gain = 427.641
---------------------------------------------------------------------------------

Report RTL Partitions: 
+-+--------------+------------+----------+
| |RTL Partition |Replication |Instances |
+-+--------------+------------+----------+
+-+--------------+------------+----------+
---------------------------------------------------------------------------------
Start RTL Component Statistics 
---------------------------------------------------------------------------------
Detailed RTL Component Info : 
+---Adders : 
	   2 Input     32 Bit       Adders := 1     
	   2 Input      4 Bit       Adders := 12    
	   2 Input      3 Bit       Adders := 1     
+---Registers : 
	                8 Bit    Registers := 1     
	                7 Bit    Registers := 1     
	                4 Bit    Registers := 3     
	                1 Bit    Registers := 2     
+---Muxes : 
	   2 Input      8 Bit        Muxes := 1     
	   2 Input      4 Bit        Muxes := 9     
	   3 Input      4 Bit        Muxes := 2     
	   3 Input      3 Bit        Muxes := 1     
	   2 Input      1 Bit        Muxes := 6     
	   4 Input      1 Bit        Muxes := 1     
---------------------------------------------------------------------------------
Finished RTL Component Statistics 
---------------------------------------------------------------------------------
---------------------------------------------------------------------------------
Start RTL Hierarchical Component Statistics 
---------------------------------------------------------------------------------
Hierarchical RTL Component report 
Module lab10_2_1 
Detailed RTL Component Info : 
+---Registers : 
	                7 Bit    Registers := 1     
	                4 Bit    Registers := 2     
+---Muxes : 
	   3 Input      4 Bit        Muxes := 2     
	   3 Input      3 Bit        Muxes := 1     
	   4 Input      1 Bit        Muxes := 1     
Module pulse_generator 
Detailed RTL Component Info : 
+---Adders : 
	   2 Input     32 Bit       Adders := 1     
+---Registers : 
	                1 Bit    Registers := 1     
+---Muxes : 
	   2 Input      1 Bit        Muxes := 1     
Module four_by_four_bit_multiplier 
Detailed RTL Component Info : 
+---Adders : 
	   2 Input      4 Bit       Adders := 1     
+---Registers : 
	                8 Bit    Registers := 1     
	                4 Bit    Registers := 1     
	                1 Bit    Registers := 1     
+---Muxes : 
	   2 Input      8 Bit        Muxes := 1     
	   2 Input      4 Bit        Muxes := 2     
	   2 Input      1 Bit        Muxes := 5     
Module bin2bcd 
Detailed RTL Component Info : 
+---Adders : 
	   2 Input      4 Bit       Adders := 11    
	   2 Input      3 Bit       Adders := 1     
+---Muxes : 
	   2 Input      4 Bit        Muxes := 7     
---------------------------------------------------------------------------------
Finished RTL Hierarchical Component Statistics
---------------------------------------------------------------------------------
---------------------------------------------------------------------------------
Start Part Resource Summary
---------------------------------------------------------------------------------
Part Resources:
DSPs: 90 (col length:60)
BRAMs: 100 (col length: RAMB18 60 RAMB36 30)
---------------------------------------------------------------------------------
Finished Part Resource Summary
---------------------------------------------------------------------------------
---------------------------------------------------------------------------------
Start Cross Boundary and Area Optimization
---------------------------------------------------------------------------------
Warning: Parallel synthesis criteria is not met 
INFO: [Synth 8-3333] propagating constant 1 across sequential element (\an_reg[3] )
---------------------------------------------------------------------------------
Finished Cross Boundary and Area Optimization : Time (s): cpu = 00:00:13 ; elapsed = 00:00:14 . Memory (MB): peak = 1039.785 ; gain = 427.641
---------------------------------------------------------------------------------

Report RTL Partitions: 
+-+--------------+------------+----------+
| |RTL Partition |Replication |Instances |
+-+--------------+------------+----------+
+-+--------------+------------+----------+
---------------------------------------------------------------------------------
Start Applying XDC Timing Constraints
---------------------------------------------------------------------------------
---------------------------------------------------------------------------------
Finished Applying XDC Timing Constraints : Time (s): cpu = 00:00:19 ; elapsed = 00:00:20 . Memory (MB): peak = 1039.785 ; gain = 427.641
---------------------------------------------------------------------------------
---------------------------------------------------------------------------------
Start Timing Optimization
---------------------------------------------------------------------------------
---------------------------------------------------------------------------------
Finished Timing Optimization : Time (s): cpu = 00:00:19 ; elapsed = 00:00:20 . Memory (MB): peak = 1039.785 ; gain = 427.641
---------------------------------------------------------------------------------

Report RTL Partitions: 
+-+--------------+------------+----------+
| |RTL Partition |Replication |Instances |
+-+--------------+------------+----------+
+-+--------------+------------+----------+
---------------------------------------------------------------------------------
Start Technology Mapping
---------------------------------------------------------------------------------
---------------------------------------------------------------------------------
Finished Technology Mapping : Time (s): cpu = 00:00:19 ; elapsed = 00:00:21 . Memory (MB): peak = 1039.785 ; gain = 427.641
---------------------------------------------------------------------------------

Report RTL Partitions: 
+-+--------------+------------+----------+
| |RTL Partition |Replication |Instances |
+-+--------------+------------+----------+
+-+--------------+------------+----------+
---------------------------------------------------------------------------------
Start IO Insertion
---------------------------------------------------------------------------------
---------------------------------------------------------------------------------
Start Flattening Before IO Insertion
---------------------------------------------------------------------------------
---------------------------------------------------------------------------------
Finished Flattening Before IO Insertion
---------------------------------------------------------------------------------
---------------------------------------------------------------------------------
Start Final Netlist Cleanup
---------------------------------------------------------------------------------
---------------------------------------------------------------------------------
Finished Final Netlist Cleanup
---------------------------------------------------------------------------------
---------------------------------------------------------------------------------
Finished IO Insertion : Time (s): cpu = 00:00:23 ; elapsed = 00:00:24 . Memory (MB): peak = 1039.785 ; gain = 427.641
---------------------------------------------------------------------------------
---------------------------------------------------------------------------------
Start Renaming Generated Instances
---------------------------------------------------------------------------------
---------------------------------------------------------------------------------
Finished Renaming Generated Instances : Time (s): cpu = 00:00:23 ; elapsed = 00:00:24 . Memory (MB): peak = 1039.785 ; gain = 427.641
---------------------------------------------------------------------------------

Report RTL Partitions: 
+-+--------------+------------+----------+
| |RTL Partition |Replication |Instances |
+-+--------------+------------+----------+
+-+--------------+------------+----------+

Report Check Netlist: 
+------+------------------+-------+---------+-------+------------------+
|      |Item              |Errors |Warnings |Status |Description       |
+------+------------------+-------+---------+-------+------------------+
|1     |multi_driven_nets |      0|        0|Passed |Multi driven nets |
+------+------------------+-------+---------+-------+------------------+
---------------------------------------------------------------------------------
Start Rebuilding User Hierarchy
---------------------------------------------------------------------------------
---------------------------------------------------------------------------------
Finished Rebuilding User Hierarchy : Time (s): cpu = 00:00:23 ; elapsed = 00:00:24 . Memory (MB): peak = 1039.785 ; gain = 427.641
---------------------------------------------------------------------------------
---------------------------------------------------------------------------------
Start Renaming Generated Ports
---------------------------------------------------------------------------------
---------------------------------------------------------------------------------
Finished Renaming Generated Ports : Time (s): cpu = 00:00:23 ; elapsed = 00:00:24 . Memory (MB): peak = 1039.785 ; gain = 427.641
---------------------------------------------------------------------------------
---------------------------------------------------------------------------------
Start Handling Custom Attributes
---------------------------------------------------------------------------------
---------------------------------------------------------------------------------
Finished Handling Custom Attributes : Time (s): cpu = 00:00:23 ; elapsed = 00:00:24 . Memory (MB): peak = 1039.785 ; gain = 427.641
---------------------------------------------------------------------------------
---------------------------------------------------------------------------------
Start Renaming Generated Nets
---------------------------------------------------------------------------------
---------------------------------------------------------------------------------
Finished Renaming Generated Nets : Time (s): cpu = 00:00:23 ; elapsed = 00:00:24 . Memory (MB): peak = 1039.785 ; gain = 427.641
---------------------------------------------------------------------------------
---------------------------------------------------------------------------------
Start Writing Synthesis Report
---------------------------------------------------------------------------------

Report BlackBoxes: 
+------+--------------+----------+
|      |BlackBox name |Instances |
+------+--------------+----------+
|1     |clk_5Mhz      |         1|
+------+--------------+----------+

Report Cell Usage: 
+------+---------+------+
|      |Cell     |Count |
+------+---------+------+
|1     |clk_5Mhz |     1|
|2     |CARRY4   |    16|
|3     |LUT1     |     1|
|4     |LUT2     |     8|
|5     |LUT3     |     9|
|6     |LUT4     |     4|
|7     |LUT5     |     9|
|8     |LUT6     |    27|
|9     |FDRE     |    63|
|10    |IBUF     |     9|
|11    |OBUF     |    12|
+------+---------+------+

Report Instance Areas: 
+------+---------+----------------------------+------+
|      |Instance |Module                      |Cells |
+------+---------+----------------------------+------+
|1     |top      |                            |   160|
|2     |  BCD1   |bcdto7segment_dataflow      |     6|
|3     |  MULT   |four_by_four_bit_multiplier |    49|
|4     |  PULSE  |pulse_generator             |    58|
+------+---------+----------------------------+------+
---------------------------------------------------------------------------------
Finished Writing Synthesis Report : Time (s): cpu = 00:00:23 ; elapsed = 00:00:24 . Memory (MB): peak = 1039.785 ; gain = 427.641
---------------------------------------------------------------------------------
Synthesis finished with 0 errors, 0 critical warnings and 0 warnings.
Synthesis Optimization Runtime : Time (s): cpu = 00:00:16 ; elapsed = 00:00:22 . Memory (MB): peak = 1039.785 ; gain = 307.398
Synthesis Optimization Complete : Time (s): cpu = 00:00:23 ; elapsed = 00:00:24 . Memory (MB): peak = 1039.785 ; gain = 427.641
INFO: [Project 1-571] Translating synthesized netlist
Netlist sorting complete. Time (s): cpu = 00:00:00 ; elapsed = 00:00:00.002 . Memory (MB): peak = 1039.785 ; gain = 0.000
INFO: [Netlist 29-17] Analyzing 16 Unisim elements for replacement
INFO: [Netlist 29-28] Unisim Transformation completed in 0 CPU seconds
INFO: [Project 1-570] Preparing netlist for logic optimization
INFO: [Opt 31-138] Pushed 0 inverter(s) to 0 load pin(s).
Netlist sorting complete. Time (s): cpu = 00:00:00 ; elapsed = 00:00:00 . Memory (MB): peak = 1039.785 ; gain = 0.000
INFO: [Project 1-111] Unisim Transformation Summary:
No Unisim elements were transformed.

INFO: [Common 17-83] Releasing license: Synthesis
27 Infos, 0 Warnings, 0 Critical Warnings and 0 Errors encountered.
synth_design completed successfully
synth_design: Time (s): cpu = 00:00:27 ; elapsed = 00:00:30 . Memory (MB): peak = 1039.785 ; gain = 700.762
Netlist sorting complete. Time (s): cpu = 00:00:00 ; elapsed = 00:00:00 . Memory (MB): peak = 1039.785 ; gain = 0.000
WARNING: [Constraints 18-5210] No constraints selected for write.
Resolution: This message can indicate that there are no constraints for the design, or it can indicate that the used_in flags are set such that the constraints are ignored. This later case is used when running synth_design to not write synthesis constraints to the resulting checkpoint. Instead, project constraints are read when the synthesized design is opened.
INFO: [Common 17-1381] The checkpoint 'C:/Users/Tony/Desktop/EE 260 Lab/lab10_2_1/lab10_2_1.runs/synth_1/lab10_2_1.dcp' has been generated.
INFO: [runtcl-4] Executing : report_utilization -file lab10_2_1_utilization_synth.rpt -pb lab10_2_1_utilization_synth.pb
INFO: [Common 17-206] Exiting Vivado at Fri Apr 24 19:36:38 2020...
