#-----------------------------------------------------------
# Vivado v2019.2 (64-bit)
# SW Build 2708876 on Wed Nov  6 21:40:23 MST 2019
# IP Build 2700528 on Thu Nov  7 00:09:20 MST 2019
# Start of session at: Sun Apr  5 17:42:45 2020
# Process ID: 22300
# Current directory: C:/Users/Tony/Desktop/EE 260 Lab/lab2_2_1
# Command line: vivado.exe -gui_launcher_event rodinguilauncherevent23816 C:\Users\Tony\Desktop\EE 260 Lab\lab2_2_1\lab2_2_1.xpr
# Log file: C:/Users/Tony/Desktop/EE 260 Lab/lab2_2_1/vivado.log
# Journal file: C:/Users/Tony/Desktop/EE 260 Lab/lab2_2_1\vivado.jou
#-----------------------------------------------------------
start_gui
open_project {C:/Users/Tony/Desktop/EE 260 Lab/lab2_2_1/lab2_2_1.xpr}
INFO: [Project 1-313] Project file moved from 'C:/Users/yaozh/Cloud/Dropbox/Projects/teaching/course_ee260_2020_spring/materials_week_04/codes/lab-sol/lab2_2_1' since last save.
Scanning sources...
Finished scanning sources
INFO: [IP_Flow 19-234] Refreshing IP repositories
INFO: [IP_Flow 19-1704] No user IP repositories specified
INFO: [IP_Flow 19-2313] Loaded Vivado IP repository 'A:/Xilinx/Vivado/2019.2/data/ip'.
update_compile_order -fileset sources_1
open_hw_manager
connect_hw_server -allow_non_jtag
INFO: [Labtools 27-2285] Connecting to hw_server url TCP:localhost:3121
INFO: [Labtools 27-2222] Launching hw_server...
INFO: [Labtools 27-2221] Launch Output:

****** Xilinx hw_server v2019.2
  **** Build date : Nov  6 2019 at 22:12:23
    ** Copyright 1986-2019 Xilinx, Inc. All Rights Reserved.


INFO: [Labtools 27-3415] Connecting to cs_server url TCP:localhost:3042
INFO: [Labtools 27-3417] Launching cs_server...
INFO: [Labtools 27-2221] Launch Output:


****** Xilinx cs_server v2019.2.0
  **** Build date : Nov 06 2019-19:28:22
    ** Copyright 2017-2019 Xilinx, Inc. All Rights Reserved.



connect_hw_server: Time (s): cpu = 00:00:01 ; elapsed = 00:00:08 . Memory (MB): peak = 903.492 ; gain = 0.000
open_hw_target
INFO: [Labtoolstcl 44-466] Opening hw_target localhost:3121/xilinx_tcf/Digilent/210183AB4191A
set_property PROGRAM.FILE {C:/Users/Tony/Desktop/EE 260 Lab/lab2_2_1/lab2_2_1.runs/impl_1/lab2_2_1.bit} [get_hw_devices xc7a35t_0]
current_hw_device [get_hw_devices xc7a35t_0]
refresh_hw_device -update_hw_probes false [lindex [get_hw_devices xc7a35t_0] 0]
INFO: [Labtools 27-1434] Device xc7a35t (JTAG device index = 0) is programmed with a design that has no supported debug core(s) in it.
set_property PROBES.FILE {} [get_hw_devices xc7a35t_0]
set_property FULL_PROBES.FILE {} [get_hw_devices xc7a35t_0]
set_property PROGRAM.FILE {C:/Users/Tony/Desktop/EE 260 Lab/lab2_2_1/lab2_2_1.runs/impl_1/lab2_2_1.bit} [get_hw_devices xc7a35t_0]
program_hw_devices [get_hw_devices xc7a35t_0]
INFO: [Labtools 27-3164] End of startup status: HIGH
refresh_hw_device [lindex [get_hw_devices xc7a35t_0] 0]
INFO: [Labtools 27-1434] Device xc7a35t (JTAG device index = 0) is programmed with a design that has no supported debug core(s) in it.
exit
INFO: [Common 17-206] Exiting Vivado at Sun Apr  5 18:56:08 2020...
